Warning : Waiting for a connection to the DEVELOPMENT replica set. Could take a bit...
Warning : Waiting for a connection to the DEVELOPMENT replica set. Could take a bit...
Staring Express Server on port 3011 in development mode
Staring Express Server on port 3011 in development mode
Warning : Waiting for a connection to the DEVELOPMENT replica set. Could take a bit...
Warning : Waiting for a connection to the DEVELOPMENT replica set. Could take a bit...
Staring Express Server on port 3012 in development mode
Staring Express Server on port 3012 in development mode
error: Forever detected script exited with code: null
error: Forever restarting script for 1 time
Warning : Waiting for a connection to the DEVELOPMENT replica set. Could take a bit...
Warning : Waiting for a connection to the DEVELOPMENT replica set. Could take a bit...
Staring Express Server on port 3011 in development mode
Staring Express Server on port 3011 in development mode
Warning : Waiting for a connection to the DEVELOPMENT replica set. Could take a bit...
Warning : Waiting for a connection to the DEVELOPMENT replica set. Could take a bit...
Staring Express Server on port 3010 in development mode
Staring Express Server on port 3010 in development mode
Warning : Waiting for a connection to the DEVELOPMENT replica set. Could take a bit...
Warning : Waiting for a connection to the DEVELOPMENT replica set. Could take a bit...
Staring Express Server on port 3011 in development mode
Staring Express Server on port 3011 in development mode
Warning : Waiting for a connection to the DEVELOPMENT replica set. Could take a bit...
Warning : Waiting for a connection to the DEVELOPMENT replica set. Could take a bit...
Staring Express Server on port 3012 in development mode
Staring Express Server on port 3012 in development mode
Warning : Waiting for a connection to the DEVELOPMENT replica set. Could take a bit...
Warning : Waiting for a connection to the DEVELOPMENT replica set. Could take a bit...
Staring Express Server on port 3012 in development mode
Staring Express Server on port 3012 in development mode
Warning : Waiting for a connection to the DEVELOPMENT replica set. Could take a bit...
Warning : Waiting for a connection to the DEVELOPMENT replica set. Could take a bit...
Staring Express Server on port 3013 in development mode
Staring Express Server on port 3013 in development mode
Warning : Waiting for a connection to the DEVELOPMENT replica set. Could take a bit...
Warning : Waiting for a connection to the DEVELOPMENT replica set. Could take a bit...
Staring Express Server on port 3010 in development mode
Staring Express Server on port 3010 in development mode
Warning : Waiting for a connection to the DEVELOPMENT replica set. Could take a bit...
Warning : Waiting for a connection to the DEVELOPMENT replica set. Could take a bit...
Staring Express Server on port 3010 in development mode
Staring Express Server on port 3010 in development mode
Warning : Waiting for a connection to the DEVELOPMENT replica set. Could take a bit...
Warning : Waiting for a connection to the DEVELOPMENT replica set. Could take a bit...
Staring Express Server on port 3011 in development mode
Staring Express Server on port 3011 in development mode


module.js:340
module.js:340
    throw err;
          ^
    throw err;
          ^
Error: Cannot find module '/Users/steve/Dropbox/github/RandD/node-ci/tmp/7fe4b76b6ab783dc8f1785f9340c4c04fc217a4b/server.js'
    at Function.Module._resolveFilename (module.js:338:15)
    at Function.Module._load (module.js:280:25)
    at Module.runMain (module.js:492:10)
    at process.startup.processNextTick.process._tickCallback (node.js:244:9)
Error: Cannot find module '/Users/steve/Dropbox/github/RandD/node-ci/tmp/7fe4b76b6ab783dc8f1785f9340c4c04fc217a4b/server.js'
    at Function.Module._resolveFilename (module.js:338:15)
    at Function.Module._load (module.js:280:25)
    at Module.runMain (module.js:492:10)
    at process.startup.processNextTick.process._tickCallback (node.js:244:9)
error: Forever detected script exited with code: 1

/Users/steve/Dropbox/github/RandD/node-ci/node_modules/forever/node_modules/forever-monitor/node_modules/broadway/node_modules/eventemitter2/lib/eventemitter2.js:283
          throw arguments[1]; // Unhandled 'error' event
                         ^
Error: Cannot stop process that is not running.
    at Monitor.kill.toKill (/Users/steve/Dropbox/github/RandD/node-ci/node_modules/forever/node_modules/forever-monitor/lib/forever-monitor/monitor.js:352:26)
    at process.startup.processNextTick.process._tickCallback (node.js:244:9)


module.js:340
module.js:340
    throw err;
          ^
    throw err;
          ^
Error: Cannot find module '/Users/steve/Dropbox/github/RandD/node-ci/tmp/6138bd3fe75c966fe360256f27a95b86ee337fa1/server.js'
    at Function.Module._resolveFilename (module.js:338:15)
    at Function.Module._load (module.js:280:25)
    at Module.runMain (module.js:492:10)
    at process.startup.processNextTick.process._tickCallback (node.js:244:9)
Error: Cannot find module '/Users/steve/Dropbox/github/RandD/node-ci/tmp/6138bd3fe75c966fe360256f27a95b86ee337fa1/server.js'
    at Function.Module._resolveFilename (module.js:338:15)
    at Function.Module._load (module.js:280:25)
    at Module.runMain (module.js:492:10)
    at process.startup.processNextTick.process._tickCallback (node.js:244:9)
error: Forever detected script exited with code: 1
Warning : Waiting for a connection to the DEVELOPMENT replica set. Could take a bit...
Warning : Waiting for a connection to the DEVELOPMENT replica set. Could take a bit...
Staring Express Server on port 3010 in development mode
Staring Express Server on port 3010 in development mode
