

module.js:340
module.js:340
    throw err;
          ^
    throw err;
          ^
Error: Cannot find module '/Users/steve/Dropbox/github/RandD/node-ci/routes/tmp/f0965d6e9c/server.js'
    at Function.Module._resolveFilename (module.js:338:15)
    at Function.Module._load (module.js:280:25)
    at Module.runMain (module.js:492:10)
    at process.startup.processNextTick.process._tickCallback (node.js:244:9)
Error: Cannot find module '/Users/steve/Dropbox/github/RandD/node-ci/routes/tmp/f0965d6e9c/server.js'
    at Function.Module._resolveFilename (module.js:338:15)
    at Function.Module._load (module.js:280:25)
    at Module.runMain (module.js:492:10)
    at process.startup.processNextTick.process._tickCallback (node.js:244:9)
error: Forever detected script exited with code: 1
error: Forever restarting script for 1 time


module.js:340
module.js:340
    throw err;
        throw err;
          ^
      ^
Error: Cannot find module '/Users/steve/Dropbox/github/RandD/node-ci/routes/tmp/f0965d6e9c/server.js'
    at Function.Module._resolveFilename (module.js:338:15)
    at Function.Module._load (module.js:280:25)
    at Module.runMain (module.js:492:10)
    at process.startup.processNextTick.process._tickCallback (node.js:244:9)
Error: Cannot find module '/Users/steve/Dropbox/github/RandD/node-ci/routes/tmp/f0965d6e9c/server.js'
    at Function.Module._resolveFilename (module.js:338:15)
    at Function.Module._load (module.js:280:25)
    at Module.runMain (module.js:492:10)
    at process.startup.processNextTick.process._tickCallback (node.js:244:9)
error: Forever detected script exited with code: 1
error: Forever restarting script for 2 time

module.js:340
    throw err;
          ^

module.js:340
    throw err;
          ^
Error: Cannot find module '/Users/steve/Dropbox/github/RandD/node-ci/routes/tmp/f0965d6e9c/server.js'
    at Function.Module._resolveFilename (module.js:338:15)
    at Function.Module._load (module.js:280:25)
    at Module.runMain (module.js:492:10)
    at process.startup.processNextTick.process._tickCallback (node.js:244:9)
Error: Cannot find module '/Users/steve/Dropbox/github/RandD/node-ci/routes/tmp/f0965d6e9c/server.js'
    at Function.Module._resolveFilename (module.js:338:15)
    at Function.Module._load (module.js:280:25)
    at Module.runMain (module.js:492:10)
    at process.startup.processNextTick.process._tickCallback (node.js:244:9)
error: Forever detected script exited with code: 1
error: Forever restarting script for 3 time


module.js:340
module.js:340
    throw err;
          ^
    throw err;
          ^
Error: Cannot find module '/Users/steve/Dropbox/github/RandD/node-ci/routes/tmp/f0965d6e9c/server.js'
    at Function.Module._resolveFilename (module.js:338:15)
    at Function.Module._load (module.js:280:25)
    at Module.runMain (module.js:492:10)
    at process.startup.processNextTick.process._tickCallback (node.js:244:9)
Error: Cannot find module '/Users/steve/Dropbox/github/RandD/node-ci/routes/tmp/f0965d6e9c/server.js'
    at Function.Module._resolveFilename (module.js:338:15)
    at Function.Module._load (module.js:280:25)
    at Module.runMain (module.js:492:10)
    at process.startup.processNextTick.process._tickCallback (node.js:244:9)
error: Forever detected script exited with code: 1

/Users/steve/Dropbox/github/RandD/node-ci/node_modules/forever/node_modules/forever-monitor/node_modules/broadway/node_modules/eventemitter2/lib/eventemitter2.js:283
          throw arguments[1]; // Unhandled 'error' event
                         ^
Error: Cannot stop process that is not running.
    at Monitor.kill.toKill (/Users/steve/Dropbox/github/RandD/node-ci/node_modules/forever/node_modules/forever-monitor/lib/forever-monitor/monitor.js:347:26)
    at process.startup.processNextTick.process._tickCallback (node.js:244:9)
